<?xml version="1.0" encoding="UTF-8"?>
<!-- Generated by org.testng.reporters.JUnitReportReporter -->
<testsuite skipped="0" hostname="TIPS" name="db_projecttestCases.LoginTest" tests="1" failures="0" timestamp="2022-02-27T13:24:59 CST" time="12.753" errors="0">
  <testcase name="loginTest" time="12.753" classname="db_projecttestCases.LoginTest"/>
  <system-out/>
</testsuite> <!-- db_projecttestCases.LoginTest -->
